2020-03-20T13:20:12.392Z - normal: Load ~/.CocosCreator/settings.json
2020-03-20T13:20:12.475Z - normal: Initializing Asset Database
2020-03-20T13:20:12.481Z - normal: checking language setting...
2020-03-20T13:20:12.481Z - normal: Language: en
2020-03-20T13:20:13.737Z - success: preview server running at http://localhost:7456
2020-03-20T13:20:13.756Z - success: protocol editor-framework registered
2020-03-20T13:20:13.756Z - success: protocol app registered
2020-03-20T13:20:13.757Z - success: protocol theme registered
2020-03-20T13:20:13.757Z - success: protocol packages registered
2020-03-20T13:20:13.757Z - success: protocol uuid registerred
2020-03-20T13:20:13.757Z - success: protocol db registerred
2020-03-20T13:20:13.757Z - success: protocol thumbnail registerred
2020-03-20T13:20:13.757Z - success: protocol unpack registerred
2020-03-20T13:20:13.758Z - success: protocol disable-commonjs registerred
2020-03-20T13:20:15.553Z - normal: connected!
2020-03-20T13:20:15.555Z - normal: Check project /Users/ibrahimakpinar/Documents/OyunProgramlama/start_project
2020-03-20T13:20:15.557Z - normal: Initializing project /Users/ibrahimakpinar/Documents/OyunProgramlama/start_project
2020-03-20T13:20:15.578Z - success: adapters loaded
2020-03-20T13:20:15.583Z - success: asset-db-debugger loaded
2020-03-20T13:20:15.671Z - success: fb-audience-network loaded
2020-03-20T13:20:15.709Z - success: fb-live-stream loaded
2020-03-20T13:20:15.712Z - success: google-play-instant loaded
2020-03-20T13:20:15.713Z - success: huawei-adapter loaded
2020-03-20T13:20:15.713Z - success: jkw-adapter loaded
2020-03-20T13:20:15.714Z - success: jsb-adapter loaded
2020-03-20T13:20:15.715Z - success: oppo-adapter loaded
2020-03-20T13:20:15.720Z - success: package-manager loaded
2020-03-20T13:20:15.721Z - success: qtt-adapter loaded
2020-03-20T13:20:15.724Z - success: runtime-dev-tools loaded
2020-03-20T13:20:15.734Z - success: sdkbox loaded
2020-03-20T13:20:15.738Z - success: ui-kit-preview-extra loaded
2020-03-20T13:20:15.743Z - success: ui-kit-preview loaded
2020-03-20T13:20:15.744Z - success: vivo-adapter loaded
2020-03-20T13:20:15.826Z - success: alipay-minigame loaded
2020-03-20T13:20:15.921Z - success: assets loaded
2020-03-20T13:20:15.924Z - success: baidugame-opendata loaded
2020-03-20T13:20:15.927Z - success: baidugame loaded
2020-03-20T13:20:15.934Z - success: builder loaded
2020-03-20T13:20:16.164Z - success: cocos-services loaded
2020-03-20T13:20:16.171Z - success: console loaded
2020-03-20T13:20:16.174Z - success: curve-editor loaded
2020-03-20T13:20:16.189Z - success: fb-instant-games loaded
2020-03-20T13:20:16.195Z - success: game-window loaded
2020-03-20T13:20:16.196Z - success: google-instant-games loaded
2020-03-20T13:20:16.203Z - success: hierarchy loaded
2020-03-20T13:20:16.207Z - success: huawei-runtime loaded
2020-03-20T13:20:16.212Z - success: inspector loaded
2020-03-20T13:20:16.308Z - success: cpk-publish loaded
2020-03-20T13:20:16.309Z - success: keystore loaded
2020-03-20T13:20:16.318Z - success: node-library loaded
2020-03-20T13:20:16.319Z - success: open-recent-items loaded
2020-03-20T13:20:16.323Z - success: oppo-runtime loaded
2020-03-20T13:20:16.325Z - success: package-asset loaded
2020-03-20T13:20:16.326Z - success: preferences loaded
2020-03-20T13:20:16.334Z - success: project-importer loaded
2020-03-20T13:20:16.338Z - success: project-settings loaded
2020-03-20T13:20:16.370Z - success: qtt-runtime loaded
2020-03-20T13:20:16.375Z - success: scene loaded
2020-03-20T13:20:16.376Z - success: simulator-debugger loaded
2020-03-20T13:20:16.377Z - success: sprite-editor loaded
2020-03-20T13:20:16.381Z - success: store loaded
2020-03-20T13:20:16.386Z - success: timeline loaded
2020-03-20T13:20:16.389Z - success: vivo-runtime loaded
2020-03-20T13:20:16.393Z - success: wechatgame-opendata loaded
2020-03-20T13:20:16.399Z - success: wechatgame loaded
2020-03-20T13:20:16.403Z - success: xiaomi-runtime loaded
2020-03-20T13:20:18.545Z - normal: Initializing Cocos2d
2020-03-20T13:20:19.029Z - normal: Initializing engine extends
2020-03-20T13:20:20.233Z - info: Cocos Service load base data!
2020-03-20T13:20:33.110Z - normal: Loading packages
2020-03-20T13:20:33.120Z - normal: Watching packages
2020-03-20T13:20:33.340Z - normal: Run Application
2020-03-20T13:21:24.815Z - info: shutdown preview server
